<?xml version="1.0" encoding="UTF-8"?>
<!-- Generated by org.testng.reporters.JUnitReportReporter -->
<testsuite hostname="DESKTOP-93B8F71" failures="0" tests="1" name="testCases.homePageTest" time="11.082" errors="0" timestamp="2022-08-19T12:52:15 EDT" skipped="0">
  <testcase classname="testCases.homePageTest" name="validationOfNavbar" time="11.082"/>
  <system-out/>
</testsuite> <!-- testCases.homePageTest -->
